2020-03-23 16:39:56,677 - common.generate_docx - INFO-get_quot_period - 获取区间行情数据连接成功...
2020-03-23 16:40:49,318 - common.generate_docx - INFO-get_quot_period - 获取区间行情数据连接成功...
2020-03-23 16:46:38,548 - common.generate_docx - INFO-get_quot_period - 获取区间行情数据连接成功...
2020-03-23 17:00:56,878 - common.generate_docx - INFO-get_quot_period - 开始画图...
2020-03-23 17:00:56,886 - common.generate_docx - INFO-get_quot_period - 画图结束...
2020-03-23 17:01:54,275 - common.generate_docx - INFO-get_quot_period - 开始画图...
2020-03-23 17:01:54,282 - common.generate_docx - INFO-get_quot_period - 画图结束...
2020-03-23 17:01:54,330 - common.generate_docx - INFO-get_quot_period - 图片格式...
2020-03-23 17:01:54,369 - common.generate_docx - INFO-output_docx - 行情信息写入完毕...
2020-03-23 17:01:54,369 - common.generate_docx - INFO-output_docx - 正在生成图片...
2020-03-23 17:03:16,392 - common.generate_docx - INFO-get_quot_period - 开始画图...
2020-03-23 17:03:16,399 - common.generate_docx - INFO-get_quot_period - 画图结束...
2020-03-23 17:03:16,441 - common.generate_docx - INFO-get_quot_period - 图片格式...
2020-03-23 17:03:16,479 - common.generate_docx - INFO-output_docx - 行情信息写入完毕...
2020-03-23 17:03:16,479 - common.generate_docx - INFO-output_docx - 正在生成图片...
2020-03-23 17:03:27,912 - common.generate_docx - INFO-output_docx - 正在生成表格...
2020-03-23 17:03:41,956 - common.generate_docx - INFO-output_docx - 正在生成文档...
2020-03-23 17:03:41,998 - common.generate_docx - INFO-output_docx - 文档保存成功...
2020-03-23 17:21:43,525 - common.generate_docx - INFO-output_docx - 行情信息写入完毕...
2020-03-23 17:21:43,525 - common.generate_docx - INFO-output_docx - 正在生成图片...
2020-03-23 17:21:54,137 - common.generate_docx - INFO-output_docx - 正在生成表格...
2020-03-23 17:22:08,231 - common.generate_docx - INFO-output_docx - 正在生成文档...
2020-03-23 17:22:08,277 - common.generate_docx - INFO-output_docx - 文档保存成功...
2020-03-23 17:29:54,783 - common.getdatadb - INFO-query_stock_quot - 股票行情信息查询完毕...
2020-03-23 17:29:54,850 - common.generate_docx - INFO-output_docx - 行情信息写入完毕...
2020-03-23 17:29:54,850 - common.generate_docx - INFO-output_docx - 正在生成图片...
2020-03-23 17:30:05,589 - common.generate_docx - INFO-output_docx - 正在生成表格...
2020-03-23 17:30:18,461 - common.generate_docx - INFO-output_docx - 正在生成文档...
2020-03-23 17:30:18,498 - common.generate_docx - INFO-output_docx - 文档保存成功...
2020-03-23 17:57:35,936 - common.getdatadb - INFO-query_stock_quot - 正在查询2019-12-01至2020-03-23期间sh.600666的行情...
2020-03-23 17:57:41,330 - common.getdatadb - INFO-query_stock_quot - 股票行情信息查询完毕...
2020-03-23 17:57:41,397 - common.generate_docx - INFO-output_docx - 行情信息写入完毕...
2020-03-23 17:57:41,397 - common.generate_docx - INFO-output_docx - 正在生成图片...
2020-03-23 17:57:51,350 - common.generate_docx - INFO-output_docx - 正在生成表格...
2020-03-23 17:58:20,017 - common.generate_docx - INFO-output_docx - 正在生成文档...
2020-03-23 17:58:20,059 - common.generate_docx - INFO-output_docx - 文档保存成功...
2020-03-23 18:02:08,120 - common.getdatadb - INFO-query_stock_quot - 正在查询2019-12-01至2020-03-23期间sh.600030的行情...
2020-03-23 18:02:08,429 - common.getdatadb - INFO-query_stock_quot - 股票行情信息查询完毕...
2020-03-23 18:02:08,499 - common.generate_docx - INFO-output_docx - 行情信息写入完毕...
2020-03-23 18:02:08,499 - common.generate_docx - INFO-output_docx - 正在生成图片...
2020-03-23 18:02:18,664 - common.generate_docx - INFO-output_docx - 正在生成表格...
2020-03-23 18:02:47,189 - common.generate_docx - INFO-output_docx - 正在生成文档...
2020-03-23 18:02:47,228 - common.generate_docx - INFO-output_docx - 文档保存成功...
2020-03-23 18:05:19,504 - common.getdatadb - INFO-query_stock_quot - 正在查询2019-10-01至2020-03-23期间sh.600030的行情...
2020-03-23 18:05:33,109 - common.getdatadb - INFO-query_stock_quot - 股票行情信息查询完毕...
2020-03-23 18:05:33,181 - common.generate_docx - INFO-output_docx - 行情信息写入完毕...
2020-03-23 18:05:33,181 - common.generate_docx - INFO-output_docx - 正在生成图片...
2020-03-23 18:05:43,106 - common.generate_docx - INFO-output_docx - 正在生成表格...
2020-03-23 18:06:55,121 - common.generate_docx - INFO-output_docx - 正在生成文档...
2020-03-23 18:06:55,163 - common.generate_docx - INFO-output_docx - 文档保存成功...
2020-03-24 09:01:21,785 - common.getdatadb - INFO-query_stock_quot - 正在查询2020-02-04至2020-03-24期间sh.000300的行情...
2020-03-24 09:01:21,978 - common.getdatadb - INFO-query_stock_quot - 股票行情信息查询完毕...
2020-03-24 09:08:46,967 - common.getdatadb - INFO-query_index_quot - 正在查询2020-01-01至2020-03-24期间sh.000300的行情...
2020-03-24 09:08:46,992 - common.getdatadb - INFO-query_index_quot - 指数行情信息查询完毕...
2020-03-24 09:08:47,059 - common.generate_docx - INFO-output_docx - 行情信息写入完毕...
2020-03-24 09:08:47,059 - common.generate_docx - INFO-output_docx - 正在生成图片...
2020-03-24 09:08:59,534 - common.generate_docx - INFO-output_docx - 正在生成表格...
2020-03-24 09:09:13,709 - common.generate_docx - INFO-output_docx - 正在生成文档...
2020-03-24 09:09:13,752 - common.generate_docx - INFO-output_docx - 文档保存成功...
2020-03-24 10:56:18,022 - common.getdatadb - INFO-query_index_quot - 正在查询2010-01-01至2020-03-24期间sh.000001的行情...
2020-03-24 10:56:18,235 - common.getdatadb - INFO-query_index_quot - 指数行情信息查询完毕...
2020-03-24 10:56:18,429 - common.generate_docx - INFO-output_docx - 行情信息写入完毕...
2020-03-24 10:56:18,429 - common.generate_docx - INFO-output_docx - 正在生成图片...
2020-03-24 10:56:31,072 - common.generate_docx - INFO-output_docx - 正在生成表格...
